<?xml version="1.0" encoding="UTF-8"?>
<testng-results skipped="0" failed="0" total="1" passed="1">
  <reporter-output>
  </reporter-output>
  <suite name="Suite" duration-ms="15598" started-at="2018-05-16T11:50:50Z" finished-at="2018-05-16T11:51:05Z">
    <groups>
    </groups>
    <test name="Test" duration-ms="15598" started-at="2018-05-16T11:50:50Z" finished-at="2018-05-16T11:51:05Z">
      <class name="Testing.Testcase_01">
        <test-method status="PASS" signature="initilization()[pri:0, instance:Testing.Testcase_01@56f4468b]" name="initilization" duration-ms="15577" started-at="2018-05-16T17:20:50Z" finished-at="2018-05-16T17:21:05Z">
          <reporter-output>
          </reporter-output>
        </test-method> <!-- initilization -->
      </class> <!-- Testing.Testcase_01 -->
    </test> <!-- Test -->
  </suite> <!-- Suite -->
</testng-results>
